[2025-01-06T22:09:57.351+0000] {manager.py:483} INFO - Processing files using up to 2 processes at a time 
[2025-01-06T22:09:57.354+0000] {manager.py:484} INFO - Process each file at most once every 30 seconds
[2025-01-06T22:09:57.357+0000] {manager.py:485} INFO - Checking for new files in /opt/airflow/dags every 300 seconds
[2025-01-06T22:09:57.358+0000] {manager.py:821} INFO - Searching for files in /opt/airflow/dags
[2025-01-06T22:09:57.364+0000] {manager.py:824} INFO - There are 0 files in /opt/airflow/dags
[2025-01-06T22:14:57.614+0000] {manager.py:821} INFO - Searching for files in /opt/airflow/dags
[2025-01-06T22:14:57.617+0000] {manager.py:824} INFO - There are 0 files in /opt/airflow/dags
[2025-01-06T22:19:57.962+0000] {manager.py:821} INFO - Searching for files in /opt/airflow/dags
[2025-01-06T22:19:57.967+0000] {manager.py:824} INFO - There are 0 files in /opt/airflow/dags
[2025-01-06T22:24:57.985+0000] {manager.py:821} INFO - Searching for files in /opt/airflow/dags
[2025-01-06T22:24:58.004+0000] {manager.py:824} INFO - There are 0 files in /opt/airflow/dags
[2025-01-06T22:29:58.776+0000] {manager.py:821} INFO - Searching for files in /opt/airflow/dags
[2025-01-06T22:29:58.798+0000] {manager.py:824} INFO - There are 0 files in /opt/airflow/dags
[2025-01-06T22:34:59.218+0000] {manager.py:821} INFO - Searching for files in /opt/airflow/dags
[2025-01-06T22:34:59.229+0000] {manager.py:824} INFO - There are 0 files in /opt/airflow/dags
[2025-01-06T22:39:59.668+0000] {manager.py:821} INFO - Searching for files in /opt/airflow/dags
[2025-01-06T22:39:59.672+0000] {manager.py:824} INFO - There are 0 files in /opt/airflow/dags
[2025-01-06T22:45:00.569+0000] {manager.py:821} INFO - Searching for files in /opt/airflow/dags
[2025-01-06T22:45:00.583+0000] {manager.py:824} INFO - There are 0 files in /opt/airflow/dags
[2025-01-06T22:50:01.023+0000] {manager.py:821} INFO - Searching for files in /opt/airflow/dags
[2025-01-06T22:50:01.029+0000] {manager.py:824} INFO - There are 0 files in /opt/airflow/dags
[2025-01-06T22:55:01.338+0000] {manager.py:821} INFO - Searching for files in /opt/airflow/dags
[2025-01-06T22:55:01.341+0000] {manager.py:824} INFO - There are 0 files in /opt/airflow/dags
[2025-01-06T23:07:55.211+0000] {manager.py:821} INFO - Searching for files in /opt/airflow/dags
[2025-01-06T23:07:55.235+0000] {manager.py:824} INFO - There are 0 files in /opt/airflow/dags
[2025-01-06T23:12:55.640+0000] {manager.py:821} INFO - Searching for files in /opt/airflow/dags
[2025-01-06T23:12:55.645+0000] {manager.py:824} INFO - There are 0 files in /opt/airflow/dags
[2025-01-06T23:17:56.081+0000] {manager.py:821} INFO - Searching for files in /opt/airflow/dags
[2025-01-06T23:17:56.083+0000] {manager.py:824} INFO - There are 0 files in /opt/airflow/dags
[2025-01-06T23:22:56.867+0000] {manager.py:821} INFO - Searching for files in /opt/airflow/dags
[2025-01-06T23:22:56.875+0000] {manager.py:824} INFO - There are 0 files in /opt/airflow/dags
[2025-01-06T23:27:57.229+0000] {manager.py:821} INFO - Searching for files in /opt/airflow/dags
[2025-01-06T23:27:57.237+0000] {manager.py:824} INFO - There are 0 files in /opt/airflow/dags
[2025-01-06T23:32:57.574+0000] {manager.py:821} INFO - Searching for files in /opt/airflow/dags
[2025-01-06T23:32:57.579+0000] {manager.py:824} INFO - There are 0 files in /opt/airflow/dags
[2025-01-06T23:55:01.831+0000] {manager.py:821} INFO - Searching for files in /opt/airflow/dags
[2025-01-06T23:55:01.842+0000] {manager.py:824} INFO - There are 0 files in /opt/airflow/dags
[2025-01-07T00:02:58.863+0000] {manager.py:821} INFO - Searching for files in /opt/airflow/dags
[2025-01-07T00:02:58.869+0000] {manager.py:824} INFO - There are 0 files in /opt/airflow/dags
[2025-01-07T00:19:26.722+0000] {manager.py:821} INFO - Searching for files in /opt/airflow/dags
[2025-01-07T00:19:26.732+0000] {manager.py:824} INFO - There are 0 files in /opt/airflow/dags
[2025-01-07T00:36:13.863+0000] {manager.py:821} INFO - Searching for files in /opt/airflow/dags
[2025-01-07T00:36:13.868+0000] {manager.py:824} INFO - There are 0 files in /opt/airflow/dags
[2025-01-07T00:52:56.530+0000] {manager.py:821} INFO - Searching for files in /opt/airflow/dags
[2025-01-07T00:52:56.534+0000] {manager.py:824} INFO - There are 0 files in /opt/airflow/dags
[2025-01-07T00:57:57.251+0000] {manager.py:821} INFO - Searching for files in /opt/airflow/dags
[2025-01-07T00:57:57.257+0000] {manager.py:824} INFO - There are 0 files in /opt/airflow/dags
[2025-01-07T01:02:57.626+0000] {manager.py:821} INFO - Searching for files in /opt/airflow/dags
[2025-01-07T01:02:57.630+0000] {manager.py:824} INFO - There are 0 files in /opt/airflow/dags
[2025-01-07T01:24:05.646+0000] {manager.py:821} INFO - Searching for files in /opt/airflow/dags
[2025-01-07T01:24:05.661+0000] {manager.py:824} INFO - There are 0 files in /opt/airflow/dags
[2025-01-07T01:36:38.317+0000] {manager.py:821} INFO - Searching for files in /opt/airflow/dags
[2025-01-07T01:36:38.324+0000] {manager.py:824} INFO - There are 0 files in /opt/airflow/dags
[2025-01-07T01:53:58.424+0000] {manager.py:821} INFO - Searching for files in /opt/airflow/dags
[2025-01-07T01:53:58.427+0000] {manager.py:824} INFO - There are 0 files in /opt/airflow/dags
[2025-01-07T02:12:44.347+0000] {manager.py:821} INFO - Searching for files in /opt/airflow/dags
[2025-01-07T02:12:44.358+0000] {manager.py:824} INFO - There are 0 files in /opt/airflow/dags
[2025-01-07T02:30:09.977+0000] {manager.py:821} INFO - Searching for files in /opt/airflow/dags
[2025-01-07T02:30:10.355+0000] {manager.py:824} INFO - There are 0 files in /opt/airflow/dags
[2025-01-07T02:37:40.011+0000] {manager.py:821} INFO - Searching for files in /opt/airflow/dags
[2025-01-07T02:37:40.299+0000] {manager.py:824} INFO - There are 0 files in /opt/airflow/dags
[2025-01-07T02:53:45.237+0000] {manager.py:821} INFO - Searching for files in /opt/airflow/dags
[2025-01-07T02:53:45.322+0000] {manager.py:824} INFO - There are 0 files in /opt/airflow/dags
[2025-01-07T02:53:45.383+0000] {manager.py:465} INFO - Exiting gracefully upon receiving signal 15
[2025-01-07T02:53:46.893+0000] {manager.py:483} INFO - Processing files using up to 2 processes at a time 
[2025-01-07T02:53:46.894+0000] {manager.py:484} INFO - Process each file at most once every 30 seconds
[2025-01-07T02:53:46.894+0000] {manager.py:485} INFO - Checking for new files in /opt/airflow/dags every 300 seconds
[2025-01-07T02:53:46.895+0000] {manager.py:821} INFO - Searching for files in /opt/airflow/dags
[2025-01-07T02:53:46.899+0000] {manager.py:824} INFO - There are 0 files in /opt/airflow/dags
[2025-01-07T03:11:20.890+0000] {manager.py:821} INFO - Searching for files in /opt/airflow/dags
[2025-01-07T03:11:21.197+0000] {manager.py:824} INFO - There are 0 files in /opt/airflow/dags
[2025-01-07T03:11:21.216+0000] {manager.py:465} INFO - Exiting gracefully upon receiving signal 15
[2025-01-07T03:11:22.118+0000] {manager.py:483} INFO - Processing files using up to 2 processes at a time 
[2025-01-07T03:11:22.119+0000] {manager.py:484} INFO - Process each file at most once every 30 seconds
[2025-01-07T03:11:22.119+0000] {manager.py:485} INFO - Checking for new files in /opt/airflow/dags every 300 seconds
[2025-01-07T03:11:22.120+0000] {manager.py:821} INFO - Searching for files in /opt/airflow/dags
[2025-01-07T03:11:22.122+0000] {manager.py:824} INFO - There are 0 files in /opt/airflow/dags
[2025-01-07T03:27:23.949+0000] {manager.py:821} INFO - Searching for files in /opt/airflow/dags
[2025-01-07T03:27:24.058+0000] {manager.py:824} INFO - There are 0 files in /opt/airflow/dags
[2025-01-07T03:38:41.835+0000] {manager.py:821} INFO - Searching for files in /opt/airflow/dags
[2025-01-07T03:38:41.838+0000] {manager.py:824} INFO - There are 0 files in /opt/airflow/dags
[2025-01-07T03:54:45.245+0000] {manager.py:821} INFO - Searching for files in /opt/airflow/dags
[2025-01-07T03:54:45.279+0000] {manager.py:824} INFO - There are 0 files in /opt/airflow/dags
[2025-01-07T04:12:01.073+0000] {manager.py:821} INFO - Searching for files in /opt/airflow/dags
[2025-01-07T04:12:01.084+0000] {manager.py:824} INFO - There are 0 files in /opt/airflow/dags
[2025-01-07T04:29:09.024+0000] {manager.py:821} INFO - Searching for files in /opt/airflow/dags
[2025-01-07T04:29:09.028+0000] {manager.py:824} INFO - There are 0 files in /opt/airflow/dags
[2025-01-07T04:39:43.859+0000] {manager.py:821} INFO - Searching for files in /opt/airflow/dags
[2025-01-07T04:39:43.862+0000] {manager.py:824} INFO - There are 0 files in /opt/airflow/dags
[2025-01-07T04:56:56.980+0000] {manager.py:821} INFO - Searching for files in /opt/airflow/dags
[2025-01-07T04:56:56.996+0000] {manager.py:824} INFO - There are 0 files in /opt/airflow/dags
[2025-01-07T04:56:57.004+0000] {manager.py:465} INFO - Exiting gracefully upon receiving signal 15
[2025-01-07T04:56:57.716+0000] {manager.py:483} INFO - Processing files using up to 2 processes at a time 
[2025-01-07T04:56:57.717+0000] {manager.py:484} INFO - Process each file at most once every 30 seconds
[2025-01-07T04:56:57.717+0000] {manager.py:485} INFO - Checking for new files in /opt/airflow/dags every 300 seconds
[2025-01-07T04:56:57.718+0000] {manager.py:821} INFO - Searching for files in /opt/airflow/dags
[2025-01-07T04:56:57.719+0000] {manager.py:824} INFO - There are 0 files in /opt/airflow/dags
[2025-01-07T05:14:35.823+0000] {manager.py:821} INFO - Searching for files in /opt/airflow/dags
[2025-01-07T05:14:36.138+0000] {manager.py:824} INFO - There are 0 files in /opt/airflow/dags
[2025-01-07T05:31:34.328+0000] {manager.py:821} INFO - Searching for files in /opt/airflow/dags
[2025-01-07T05:31:34.338+0000] {manager.py:824} INFO - There are 0 files in /opt/airflow/dags
[2025-01-07T05:40:45.884+0000] {manager.py:821} INFO - Searching for files in /opt/airflow/dags
[2025-01-07T05:40:46.198+0000] {manager.py:824} INFO - There are 0 files in /opt/airflow/dags
[2025-01-07T05:58:58.849+0000] {manager.py:821} INFO - Searching for files in /opt/airflow/dags
[2025-01-07T05:58:59.360+0000] {manager.py:824} INFO - There are 0 files in /opt/airflow/dags
[2025-01-07T06:15:30.345+0000] {manager.py:821} INFO - Searching for files in /opt/airflow/dags
[2025-01-07T06:15:30.352+0000] {manager.py:824} INFO - There are 0 files in /opt/airflow/dags
[2025-01-07T06:33:50.835+0000] {manager.py:821} INFO - Searching for files in /opt/airflow/dags
[2025-01-07T06:33:51.128+0000] {manager.py:824} INFO - There are 0 files in /opt/airflow/dags
[2025-01-07T06:41:47.984+0000] {manager.py:821} INFO - Searching for files in /opt/airflow/dags
[2025-01-07T06:41:47.988+0000] {manager.py:824} INFO - There are 0 files in /opt/airflow/dags
[2025-01-07T06:46:48.605+0000] {manager.py:821} INFO - Searching for files in /opt/airflow/dags
[2025-01-07T06:46:48.609+0000] {manager.py:824} INFO - There are 0 files in /opt/airflow/dags
[2025-01-07T06:51:49.109+0000] {manager.py:821} INFO - Searching for files in /opt/airflow/dags
[2025-01-07T06:51:49.111+0000] {manager.py:824} INFO - There are 0 files in /opt/airflow/dags
[2025-01-07T06:56:49.683+0000] {manager.py:821} INFO - Searching for files in /opt/airflow/dags
[2025-01-07T06:56:49.690+0000] {manager.py:824} INFO - There are 0 files in /opt/airflow/dags
[2025-01-07T07:01:50.189+0000] {manager.py:821} INFO - Searching for files in /opt/airflow/dags
[2025-01-07T07:01:50.195+0000] {manager.py:824} INFO - There are 0 files in /opt/airflow/dags
[2025-01-07T07:06:50.606+0000] {manager.py:821} INFO - Searching for files in /opt/airflow/dags
[2025-01-07T07:06:50.612+0000] {manager.py:824} INFO - There are 0 files in /opt/airflow/dags
[2025-01-07T07:11:51.069+0000] {manager.py:821} INFO - Searching for files in /opt/airflow/dags
[2025-01-07T07:11:51.074+0000] {manager.py:824} INFO - There are 0 files in /opt/airflow/dags
[2025-01-07T07:16:51.600+0000] {manager.py:821} INFO - Searching for files in /opt/airflow/dags
[2025-01-07T07:16:51.605+0000] {manager.py:824} INFO - There are 0 files in /opt/airflow/dags
[2025-01-07T07:21:52.098+0000] {manager.py:821} INFO - Searching for files in /opt/airflow/dags
[2025-01-07T07:21:52.104+0000] {manager.py:824} INFO - There are 0 files in /opt/airflow/dags
[2025-01-07T07:26:52.597+0000] {manager.py:821} INFO - Searching for files in /opt/airflow/dags
[2025-01-07T07:26:52.603+0000] {manager.py:824} INFO - There are 0 files in /opt/airflow/dags
[2025-01-07T07:31:53.093+0000] {manager.py:821} INFO - Searching for files in /opt/airflow/dags
[2025-01-07T07:31:53.099+0000] {manager.py:824} INFO - There are 0 files in /opt/airflow/dags
[2025-01-07T07:36:53.543+0000] {manager.py:821} INFO - Searching for files in /opt/airflow/dags
[2025-01-07T07:36:53.549+0000] {manager.py:824} INFO - There are 0 files in /opt/airflow/dags
[2025-01-07T08:11:52.866+0000] {manager.py:821} INFO - Searching for files in /opt/airflow/dags
[2025-01-07T08:11:52.880+0000] {manager.py:824} INFO - There are 0 files in /opt/airflow/dags
[2025-01-07T08:34:40.308+0000] {manager.py:821} INFO - Searching for files in /opt/airflow/dags
[2025-01-07T08:34:40.612+0000] {manager.py:824} INFO - There are 0 files in /opt/airflow/dags
[2025-01-07T08:50:34.477+0000] {manager.py:821} INFO - Searching for files in /opt/airflow/dags
[2025-01-07T08:50:34.483+0000] {manager.py:824} INFO - There are 0 files in /opt/airflow/dags
[2025-01-07T09:07:11.268+0000] {manager.py:821} INFO - Searching for files in /opt/airflow/dags
[2025-01-07T09:07:11.582+0000] {manager.py:824} INFO - There are 0 files in /opt/airflow/dags
[2025-01-07T09:24:13.204+0000] {manager.py:821} INFO - Searching for files in /opt/airflow/dags
[2025-01-07T09:24:13.596+0000] {manager.py:824} INFO - There are 0 files in /opt/airflow/dags
[2025-01-07T09:42:34.351+0000] {manager.py:821} INFO - Searching for files in /opt/airflow/dags
[2025-01-07T09:42:34.707+0000] {manager.py:824} INFO - There are 0 files in /opt/airflow/dags
[2025-01-07T10:02:14.793+0000] {manager.py:821} INFO - Searching for files in /opt/airflow/dags
[2025-01-07T10:02:14.800+0000] {manager.py:824} INFO - There are 0 files in /opt/airflow/dags
[2025-01-07T10:19:32.719+0000] {manager.py:821} INFO - Searching for files in /opt/airflow/dags
[2025-01-07T10:19:32.740+0000] {manager.py:824} INFO - There are 0 files in /opt/airflow/dags
[2025-01-07T10:40:14.587+0000] {manager.py:821} INFO - Searching for files in /opt/airflow/dags
[2025-01-07T10:40:14.591+0000] {manager.py:824} INFO - There are 0 files in /opt/airflow/dags
[2025-01-07T10:58:32.238+0000] {manager.py:821} INFO - Searching for files in /opt/airflow/dags
[2025-01-07T10:58:32.496+0000] {manager.py:824} INFO - There are 0 files in /opt/airflow/dags
[2025-01-07T11:18:30.569+0000] {manager.py:821} INFO - Searching for files in /opt/airflow/dags
[2025-01-07T11:18:30.572+0000] {manager.py:824} INFO - There are 0 files in /opt/airflow/dags
[2025-01-07T11:36:18.228+0000] {manager.py:821} INFO - Searching for files in /opt/airflow/dags
[2025-01-07T11:36:18.543+0000] {manager.py:824} INFO - There are 0 files in /opt/airflow/dags
[2025-01-07T11:53:15.617+0000] {manager.py:821} INFO - Searching for files in /opt/airflow/dags
[2025-01-07T11:53:15.621+0000] {manager.py:824} INFO - There are 0 files in /opt/airflow/dags
[2025-01-07T12:10:17.623+0000] {manager.py:821} INFO - Searching for files in /opt/airflow/dags
[2025-01-07T12:10:17.650+0000] {manager.py:824} INFO - There are 0 files in /opt/airflow/dags
[2025-01-07T12:27:20.459+0000] {manager.py:821} INFO - Searching for files in /opt/airflow/dags
[2025-01-07T12:27:20.462+0000] {manager.py:824} INFO - There are 0 files in /opt/airflow/dags
[2025-01-07T12:45:50.488+0000] {manager.py:821} INFO - Searching for files in /opt/airflow/dags
[2025-01-07T12:45:50.566+0000] {manager.py:824} INFO - There are 0 files in /opt/airflow/dags
[2025-01-07T12:45:50.583+0000] {manager.py:465} INFO - Exiting gracefully upon receiving signal 15
[2025-01-07T12:45:51.214+0000] {manager.py:483} INFO - Processing files using up to 2 processes at a time 
[2025-01-07T12:45:51.214+0000] {manager.py:484} INFO - Process each file at most once every 30 seconds
[2025-01-07T12:45:51.215+0000] {manager.py:485} INFO - Checking for new files in /opt/airflow/dags every 300 seconds
[2025-01-07T12:45:51.215+0000] {manager.py:821} INFO - Searching for files in /opt/airflow/dags
[2025-01-07T12:45:51.217+0000] {manager.py:824} INFO - There are 0 files in /opt/airflow/dags
[2025-01-07T13:02:01.585+0000] {manager.py:821} INFO - Searching for files in /opt/airflow/dags
[2025-01-07T13:02:01.594+0000] {manager.py:824} INFO - There are 0 files in /opt/airflow/dags
[2025-01-07T13:19:18.562+0000] {manager.py:821} INFO - Searching for files in /opt/airflow/dags
[2025-01-07T13:19:18.568+0000] {manager.py:824} INFO - There are 0 files in /opt/airflow/dags
[2025-01-07T13:35:28.451+0000] {manager.py:821} INFO - Searching for files in /opt/airflow/dags
[2025-01-07T13:35:28.479+0000] {manager.py:824} INFO - There are 0 files in /opt/airflow/dags
[2025-01-07T13:51:54.333+0000] {manager.py:821} INFO - Searching for files in /opt/airflow/dags
[2025-01-07T13:51:54.340+0000] {manager.py:824} INFO - There are 0 files in /opt/airflow/dags
[2025-01-07T14:03:02.246+0000] {manager.py:821} INFO - Searching for files in /opt/airflow/dags
[2025-01-07T14:03:02.249+0000] {manager.py:824} INFO - There are 0 files in /opt/airflow/dags
[2025-01-07T14:21:05.538+0000] {manager.py:821} INFO - Searching for files in /opt/airflow/dags
[2025-01-07T14:21:05.544+0000] {manager.py:824} INFO - There are 0 files in /opt/airflow/dags
[2025-01-07T14:38:45.186+0000] {manager.py:821} INFO - Searching for files in /opt/airflow/dags
[2025-01-07T14:38:45.568+0000] {manager.py:824} INFO - There are 0 files in /opt/airflow/dags
[2025-01-07T14:52:08.119+0000] {manager.py:821} INFO - Searching for files in /opt/airflow/dags
[2025-01-07T14:52:08.643+0000] {manager.py:824} INFO - There are 0 files in /opt/airflow/dags
[2025-01-07T14:57:09.095+0000] {manager.py:821} INFO - Searching for files in /opt/airflow/dags
[2025-01-07T14:57:09.098+0000] {manager.py:824} INFO - There are 0 files in /opt/airflow/dags
[2025-01-07T15:02:09.515+0000] {manager.py:821} INFO - Searching for files in /opt/airflow/dags
[2025-01-07T15:02:09.520+0000] {manager.py:824} INFO - There are 0 files in /opt/airflow/dags
[2025-01-07T15:07:09.969+0000] {manager.py:821} INFO - Searching for files in /opt/airflow/dags
[2025-01-07T15:07:09.974+0000] {manager.py:824} INFO - There are 0 files in /opt/airflow/dags
[2025-01-07T15:12:10.390+0000] {manager.py:821} INFO - Searching for files in /opt/airflow/dags
[2025-01-07T15:12:10.395+0000] {manager.py:824} INFO - There are 0 files in /opt/airflow/dags
[2025-01-07T15:17:11.070+0000] {manager.py:821} INFO - Searching for files in /opt/airflow/dags
[2025-01-07T15:17:11.079+0000] {manager.py:824} INFO - There are 0 files in /opt/airflow/dags
[2025-01-07T15:22:11.579+0000] {manager.py:821} INFO - Searching for files in /opt/airflow/dags
[2025-01-07T15:22:11.582+0000] {manager.py:824} INFO - There are 0 files in /opt/airflow/dags
[2025-01-07T15:27:12.008+0000] {manager.py:821} INFO - Searching for files in /opt/airflow/dags
[2025-01-07T15:27:12.015+0000] {manager.py:824} INFO - There are 0 files in /opt/airflow/dags
[2025-01-07T15:32:12.491+0000] {manager.py:821} INFO - Searching for files in /opt/airflow/dags
[2025-01-07T15:32:12.496+0000] {manager.py:824} INFO - There are 0 files in /opt/airflow/dags
[2025-01-07T15:37:12.956+0000] {manager.py:821} INFO - Searching for files in /opt/airflow/dags
[2025-01-07T15:37:12.962+0000] {manager.py:824} INFO - There are 0 files in /opt/airflow/dags
[2025-01-07T15:42:13.512+0000] {manager.py:821} INFO - Searching for files in /opt/airflow/dags
[2025-01-07T15:42:13.518+0000] {manager.py:824} INFO - There are 0 files in /opt/airflow/dags
[2025-01-07T15:47:13.899+0000] {manager.py:821} INFO - Searching for files in /opt/airflow/dags
[2025-01-07T15:47:13.906+0000] {manager.py:824} INFO - There are 0 files in /opt/airflow/dags
[2025-01-07T15:52:14.326+0000] {manager.py:821} INFO - Searching for files in /opt/airflow/dags
[2025-01-07T15:52:14.331+0000] {manager.py:824} INFO - There are 0 files in /opt/airflow/dags
[2025-01-07T15:57:14.728+0000] {manager.py:821} INFO - Searching for files in /opt/airflow/dags
[2025-01-07T15:57:14.737+0000] {manager.py:824} INFO - There are 0 files in /opt/airflow/dags
[2025-01-07T16:02:15.145+0000] {manager.py:821} INFO - Searching for files in /opt/airflow/dags
[2025-01-07T16:02:15.151+0000] {manager.py:824} INFO - There are 0 files in /opt/airflow/dags
[2025-01-07T16:07:15.567+0000] {manager.py:821} INFO - Searching for files in /opt/airflow/dags
[2025-01-07T16:07:15.575+0000] {manager.py:824} INFO - There are 0 files in /opt/airflow/dags
[2025-01-07T16:12:16.032+0000] {manager.py:821} INFO - Searching for files in /opt/airflow/dags
[2025-01-07T16:12:16.037+0000] {manager.py:824} INFO - There are 0 files in /opt/airflow/dags
[2025-01-07T16:17:16.498+0000] {manager.py:821} INFO - Searching for files in /opt/airflow/dags
[2025-01-07T16:17:16.506+0000] {manager.py:824} INFO - There are 0 files in /opt/airflow/dags
[2025-01-07T16:22:17.052+0000] {manager.py:821} INFO - Searching for files in /opt/airflow/dags
[2025-01-07T16:22:17.058+0000] {manager.py:824} INFO - There are 0 files in /opt/airflow/dags
[2025-01-07T16:27:17.625+0000] {manager.py:821} INFO - Searching for files in /opt/airflow/dags
[2025-01-07T16:27:17.631+0000] {manager.py:824} INFO - There are 0 files in /opt/airflow/dags
[2025-01-07T16:32:18.030+0000] {manager.py:821} INFO - Searching for files in /opt/airflow/dags
[2025-01-07T16:32:18.038+0000] {manager.py:824} INFO - There are 0 files in /opt/airflow/dags
[2025-01-07T16:37:18.470+0000] {manager.py:821} INFO - Searching for files in /opt/airflow/dags
[2025-01-07T16:37:18.477+0000] {manager.py:824} INFO - There are 0 files in /opt/airflow/dags
[2025-01-07T16:42:19.045+0000] {manager.py:821} INFO - Searching for files in /opt/airflow/dags
[2025-01-07T16:42:19.052+0000] {manager.py:824} INFO - There are 0 files in /opt/airflow/dags
[2025-01-07T16:47:19.565+0000] {manager.py:821} INFO - Searching for files in /opt/airflow/dags
[2025-01-07T16:47:19.571+0000] {manager.py:824} INFO - There are 0 files in /opt/airflow/dags
[2025-01-07T16:59:03.635+0000] {manager.py:821} INFO - Searching for files in /opt/airflow/dags
[2025-01-07T16:59:03.653+0000] {manager.py:824} INFO - There are 0 files in /opt/airflow/dags
[2025-01-07T17:04:04.421+0000] {manager.py:821} INFO - Searching for files in /opt/airflow/dags
[2025-01-07T17:04:04.426+0000] {manager.py:824} INFO - There are 0 files in /opt/airflow/dags
[2025-01-07T17:09:05.055+0000] {manager.py:821} INFO - Searching for files in /opt/airflow/dags
[2025-01-07T17:09:05.060+0000] {manager.py:824} INFO - There are 0 files in /opt/airflow/dags
[2025-01-07T17:14:05.472+0000] {manager.py:821} INFO - Searching for files in /opt/airflow/dags
[2025-01-07T17:14:05.478+0000] {manager.py:824} INFO - There are 0 files in /opt/airflow/dags
[2025-01-07T17:22:33.772+0000] {manager.py:821} INFO - Searching for files in /opt/airflow/dags
[2025-01-07T17:22:33.781+0000] {manager.py:824} INFO - There are 0 files in /opt/airflow/dags
[2025-01-07T17:22:33.791+0000] {manager.py:465} INFO - Exiting gracefully upon receiving signal 15
[2025-01-07T17:22:35.311+0000] {manager.py:483} INFO - Processing files using up to 2 processes at a time 
[2025-01-07T17:22:35.313+0000] {manager.py:484} INFO - Process each file at most once every 30 seconds
[2025-01-07T17:22:35.314+0000] {manager.py:485} INFO - Checking for new files in /opt/airflow/dags every 300 seconds
[2025-01-07T17:22:35.315+0000] {manager.py:821} INFO - Searching for files in /opt/airflow/dags
[2025-01-07T17:22:35.324+0000] {manager.py:824} INFO - There are 0 files in /opt/airflow/dags
[2025-01-07T17:27:35.917+0000] {manager.py:821} INFO - Searching for files in /opt/airflow/dags
[2025-01-07T17:27:35.922+0000] {manager.py:824} INFO - There are 0 files in /opt/airflow/dags
[2025-01-07T17:37:55.818+0000] {manager.py:821} INFO - Searching for files in /opt/airflow/dags
[2025-01-07T17:37:56.108+0000] {manager.py:824} INFO - There are 0 files in /opt/airflow/dags
[2025-01-07T17:42:56.732+0000] {manager.py:821} INFO - Searching for files in /opt/airflow/dags
[2025-01-07T17:42:56.739+0000] {manager.py:824} INFO - There are 0 files in /opt/airflow/dags
[2025-01-07T17:47:57.143+0000] {manager.py:821} INFO - Searching for files in /opt/airflow/dags
[2025-01-07T17:47:57.149+0000] {manager.py:824} INFO - There are 0 files in /opt/airflow/dags
[2025-01-07T17:52:57.535+0000] {manager.py:821} INFO - Searching for files in /opt/airflow/dags
[2025-01-07T17:52:57.540+0000] {manager.py:824} INFO - There are 0 files in /opt/airflow/dags
[2025-01-07T17:57:57.947+0000] {manager.py:821} INFO - Searching for files in /opt/airflow/dags
[2025-01-07T17:57:57.952+0000] {manager.py:824} INFO - There are 0 files in /opt/airflow/dags
[2025-01-07T18:27:25.681+0000] {manager.py:821} INFO - Searching for files in /opt/airflow/dags
[2025-01-07T18:27:25.697+0000] {manager.py:824} INFO - There are 0 files in /opt/airflow/dags
[2025-01-07T18:32:26.001+0000] {manager.py:821} INFO - Searching for files in /opt/airflow/dags
[2025-01-07T18:32:26.005+0000] {manager.py:824} INFO - There are 0 files in /opt/airflow/dags
[2025-01-07T18:37:26.474+0000] {manager.py:821} INFO - Searching for files in /opt/airflow/dags
[2025-01-07T18:37:26.481+0000] {manager.py:824} INFO - There are 0 files in /opt/airflow/dags
[2025-01-07T18:42:27.274+0000] {manager.py:821} INFO - Searching for files in /opt/airflow/dags
[2025-01-07T18:42:27.283+0000] {manager.py:824} INFO - There are 0 files in /opt/airflow/dags
[2025-01-07T18:47:27.283+0000] {manager.py:821} INFO - Searching for files in /opt/airflow/dags
[2025-01-07T18:47:27.288+0000] {manager.py:824} INFO - There are 0 files in /opt/airflow/dags
[2025-01-07T18:52:27.990+0000] {manager.py:821} INFO - Searching for files in /opt/airflow/dags
[2025-01-07T18:52:27.996+0000] {manager.py:824} INFO - There are 0 files in /opt/airflow/dags
[2025-01-07T18:57:28.600+0000] {manager.py:821} INFO - Searching for files in /opt/airflow/dags
[2025-01-07T18:57:28.607+0000] {manager.py:824} INFO - There are 0 files in /opt/airflow/dags
[2025-01-07T19:02:29.095+0000] {manager.py:821} INFO - Searching for files in /opt/airflow/dags
[2025-01-07T19:02:29.102+0000] {manager.py:824} INFO - There are 0 files in /opt/airflow/dags
[2025-01-07T19:07:29.771+0000] {manager.py:821} INFO - Searching for files in /opt/airflow/dags
[2025-01-07T19:07:29.777+0000] {manager.py:824} INFO - There are 0 files in /opt/airflow/dags
[2025-01-07T19:40:13.366+0000] {manager.py:821} INFO - Searching for files in /opt/airflow/dags
[2025-01-07T19:40:13.383+0000] {manager.py:824} INFO - There are 0 files in /opt/airflow/dags
[2025-01-07T19:45:14.991+0000] {manager.py:821} INFO - Searching for files in /opt/airflow/dags
[2025-01-07T19:45:15.189+0000] {manager.py:824} INFO - There are 0 files in /opt/airflow/dags
[2025-01-07T19:45:15.215+0000] {manager.py:465} INFO - Exiting gracefully upon receiving signal 15
[2025-01-07T19:45:15.914+0000] {manager.py:483} INFO - Processing files using up to 2 processes at a time 
[2025-01-07T19:45:15.915+0000] {manager.py:484} INFO - Process each file at most once every 30 seconds
[2025-01-07T19:45:15.916+0000] {manager.py:485} INFO - Checking for new files in /opt/airflow/dags every 300 seconds
[2025-01-07T19:45:15.917+0000] {manager.py:821} INFO - Searching for files in /opt/airflow/dags
[2025-01-07T19:45:15.920+0000] {manager.py:824} INFO - There are 0 files in /opt/airflow/dags
[2025-01-07T20:02:27.181+0000] {manager.py:821} INFO - Searching for files in /opt/airflow/dags
[2025-01-07T20:02:27.192+0000] {manager.py:824} INFO - There are 0 files in /opt/airflow/dags
[2025-01-07T20:18:28.776+0000] {manager.py:821} INFO - Searching for files in /opt/airflow/dags
[2025-01-07T20:18:28.780+0000] {manager.py:824} INFO - There are 0 files in /opt/airflow/dags
[2025-01-07T20:23:29.008+0000] {manager.py:821} INFO - Searching for files in /opt/airflow/dags
[2025-01-07T20:23:29.014+0000] {manager.py:824} INFO - There are 0 files in /opt/airflow/dags
[2025-01-07T20:28:29.468+0000] {manager.py:821} INFO - Searching for files in /opt/airflow/dags
[2025-01-07T20:28:29.475+0000] {manager.py:824} INFO - There are 0 files in /opt/airflow/dags
[2025-01-07T20:33:29.903+0000] {manager.py:821} INFO - Searching for files in /opt/airflow/dags
[2025-01-07T20:33:29.911+0000] {manager.py:824} INFO - There are 0 files in /opt/airflow/dags
[2025-01-07T20:38:30.422+0000] {manager.py:821} INFO - Searching for files in /opt/airflow/dags
[2025-01-07T20:38:30.428+0000] {manager.py:824} INFO - There are 0 files in /opt/airflow/dags
[2025-01-07T20:43:31.075+0000] {manager.py:821} INFO - Searching for files in /opt/airflow/dags
[2025-01-07T20:43:31.081+0000] {manager.py:824} INFO - There are 0 files in /opt/airflow/dags
[2025-01-07T20:48:31.599+0000] {manager.py:821} INFO - Searching for files in /opt/airflow/dags
[2025-01-07T20:48:31.605+0000] {manager.py:824} INFO - There are 0 files in /opt/airflow/dags
[2025-01-07T20:53:31.984+0000] {manager.py:821} INFO - Searching for files in /opt/airflow/dags
[2025-01-07T20:53:31.991+0000] {manager.py:824} INFO - There are 0 files in /opt/airflow/dags
[2025-01-07T21:09:41.133+0000] {manager.py:821} INFO - Searching for files in /opt/airflow/dags
[2025-01-07T21:09:41.242+0000] {manager.py:824} INFO - There are 0 files in /opt/airflow/dags
[2025-01-07T21:09:41.253+0000] {manager.py:465} INFO - Exiting gracefully upon receiving signal 15
[2025-01-07T21:09:43.118+0000] {manager.py:483} INFO - Processing files using up to 2 processes at a time 
[2025-01-07T21:09:43.121+0000] {manager.py:484} INFO - Process each file at most once every 30 seconds
[2025-01-07T21:09:43.123+0000] {manager.py:485} INFO - Checking for new files in /opt/airflow/dags every 300 seconds
[2025-01-07T21:09:43.125+0000] {manager.py:821} INFO - Searching for files in /opt/airflow/dags
[2025-01-07T21:09:43.129+0000] {manager.py:824} INFO - There are 0 files in /opt/airflow/dags
[2025-01-07T21:14:43.365+0000] {manager.py:821} INFO - Searching for files in /opt/airflow/dags
[2025-01-07T21:14:43.370+0000] {manager.py:824} INFO - There are 0 files in /opt/airflow/dags
[2025-01-07T21:19:43.740+0000] {manager.py:821} INFO - Searching for files in /opt/airflow/dags
[2025-01-07T21:19:43.744+0000] {manager.py:824} INFO - There are 0 files in /opt/airflow/dags
[2025-01-07T21:24:44.158+0000] {manager.py:821} INFO - Searching for files in /opt/airflow/dags
[2025-01-07T21:24:44.161+0000] {manager.py:824} INFO - There are 0 files in /opt/airflow/dags
[2025-01-07T21:30:55.405+0000] {manager.py:821} INFO - Searching for files in /opt/airflow/dags
[2025-01-07T21:30:55.710+0000] {manager.py:824} INFO - There are 0 files in /opt/airflow/dags
[2025-01-07T21:30:55.796+0000] {manager.py:465} INFO - Exiting gracefully upon receiving signal 15
[2025-01-07T21:30:56.862+0000] {manager.py:483} INFO - Processing files using up to 2 processes at a time 
[2025-01-07T21:30:56.863+0000] {manager.py:484} INFO - Process each file at most once every 30 seconds
[2025-01-07T21:30:56.864+0000] {manager.py:485} INFO - Checking for new files in /opt/airflow/dags every 300 seconds
[2025-01-07T21:30:56.865+0000] {manager.py:821} INFO - Searching for files in /opt/airflow/dags
[2025-01-07T21:30:56.868+0000] {manager.py:824} INFO - There are 0 files in /opt/airflow/dags
[2025-01-07T21:35:57.210+0000] {manager.py:821} INFO - Searching for files in /opt/airflow/dags
[2025-01-07T21:35:57.214+0000] {manager.py:824} INFO - There are 0 files in /opt/airflow/dags
[2025-01-07T21:40:57.776+0000] {manager.py:821} INFO - Searching for files in /opt/airflow/dags
[2025-01-07T21:40:57.779+0000] {manager.py:824} INFO - There are 0 files in /opt/airflow/dags
[2025-01-07T21:45:58.209+0000] {manager.py:821} INFO - Searching for files in /opt/airflow/dags
[2025-01-07T21:45:58.214+0000] {manager.py:824} INFO - There are 0 files in /opt/airflow/dags
[2025-01-07T21:50:58.918+0000] {manager.py:821} INFO - Searching for files in /opt/airflow/dags
[2025-01-07T21:50:58.923+0000] {manager.py:824} INFO - There are 0 files in /opt/airflow/dags
[2025-01-07T21:55:59.463+0000] {manager.py:821} INFO - Searching for files in /opt/airflow/dags
[2025-01-07T21:55:59.469+0000] {manager.py:824} INFO - There are 0 files in /opt/airflow/dags
[2025-01-07T22:00:59.920+0000] {manager.py:821} INFO - Searching for files in /opt/airflow/dags
[2025-01-07T22:00:59.934+0000] {manager.py:824} INFO - There are 0 files in /opt/airflow/dags
[2025-01-07T22:06:00.347+0000] {manager.py:821} INFO - Searching for files in /opt/airflow/dags
[2025-01-07T22:06:00.354+0000] {manager.py:824} INFO - There are 0 files in /opt/airflow/dags
[2025-01-07T22:11:01.244+0000] {manager.py:821} INFO - Searching for files in /opt/airflow/dags
[2025-01-07T22:11:01.249+0000] {manager.py:824} INFO - There are 0 files in /opt/airflow/dags
[2025-01-07T22:16:01.761+0000] {manager.py:821} INFO - Searching for files in /opt/airflow/dags
[2025-01-07T22:16:01.765+0000] {manager.py:824} INFO - There are 0 files in /opt/airflow/dags
[2025-01-07T22:21:02.625+0000] {manager.py:821} INFO - Searching for files in /opt/airflow/dags
[2025-01-07T22:21:02.630+0000] {manager.py:824} INFO - There are 0 files in /opt/airflow/dags
[2025-01-07T22:26:03.570+0000] {manager.py:821} INFO - Searching for files in /opt/airflow/dags
[2025-01-07T22:26:03.576+0000] {manager.py:824} INFO - There are 0 files in /opt/airflow/dags
[2025-01-07T22:31:04.205+0000] {manager.py:821} INFO - Searching for files in /opt/airflow/dags
[2025-01-07T22:31:04.212+0000] {manager.py:824} INFO - There are 0 files in /opt/airflow/dags
[2025-01-07T22:36:04.584+0000] {manager.py:821} INFO - Searching for files in /opt/airflow/dags
[2025-01-07T22:36:04.591+0000] {manager.py:824} INFO - There are 0 files in /opt/airflow/dags
[2025-01-07T22:41:04.939+0000] {manager.py:821} INFO - Searching for files in /opt/airflow/dags
[2025-01-07T22:41:04.944+0000] {manager.py:824} INFO - There are 0 files in /opt/airflow/dags
[2025-01-07T23:11:11.035+0000] {manager.py:821} INFO - Searching for files in /opt/airflow/dags
[2025-01-07T23:11:11.076+0000] {manager.py:824} INFO - There are 0 files in /opt/airflow/dags
[2025-01-07T23:27:58.751+0000] {manager.py:821} INFO - Searching for files in /opt/airflow/dags
[2025-01-07T23:27:59.331+0000] {manager.py:824} INFO - There are 0 files in /opt/airflow/dags
[2025-01-07T23:45:47.968+0000] {manager.py:821} INFO - Searching for files in /opt/airflow/dags
[2025-01-07T23:45:47.975+0000] {manager.py:824} INFO - There are 0 files in /opt/airflow/dags
[2025-01-08T00:03:04.707+0000] {manager.py:821} INFO - Searching for files in /opt/airflow/dags
[2025-01-08T00:03:05.251+0000] {manager.py:824} INFO - There are 0 files in /opt/airflow/dags
[2025-01-08T00:03:05.270+0000] {manager.py:465} INFO - Exiting gracefully upon receiving signal 15
[2025-01-08T00:03:06.108+0000] {manager.py:483} INFO - Processing files using up to 2 processes at a time 
[2025-01-08T00:03:06.109+0000] {manager.py:484} INFO - Process each file at most once every 30 seconds
[2025-01-08T00:03:06.109+0000] {manager.py:485} INFO - Checking for new files in /opt/airflow/dags every 300 seconds
[2025-01-08T00:03:06.110+0000] {manager.py:821} INFO - Searching for files in /opt/airflow/dags
[2025-01-08T00:03:06.114+0000] {manager.py:824} INFO - There are 0 files in /opt/airflow/dags
[2025-01-08T00:20:46.342+0000] {manager.py:821} INFO - Searching for files in /opt/airflow/dags
[2025-01-08T00:20:46.360+0000] {manager.py:824} INFO - There are 0 files in /opt/airflow/dags
[2025-01-08T00:38:03.291+0000] {manager.py:821} INFO - Searching for files in /opt/airflow/dags
[2025-01-08T00:38:03.293+0000] {manager.py:465} INFO - Exiting gracefully upon receiving signal 15
[2025-01-08T00:38:04.063+0000] {manager.py:483} INFO - Processing files using up to 2 processes at a time 
[2025-01-08T00:38:04.064+0000] {manager.py:484} INFO - Process each file at most once every 30 seconds
[2025-01-08T00:38:04.065+0000] {manager.py:485} INFO - Checking for new files in /opt/airflow/dags every 300 seconds
[2025-01-08T00:38:04.065+0000] {manager.py:821} INFO - Searching for files in /opt/airflow/dags
[2025-01-08T00:38:04.068+0000] {manager.py:824} INFO - There are 0 files in /opt/airflow/dags
[2025-01-08T00:52:59.780+0000] {manager.py:821} INFO - Searching for files in /opt/airflow/dags
[2025-01-08T00:52:59.792+0000] {manager.py:824} INFO - There are 0 files in /opt/airflow/dags
[2025-01-08T00:58:00.251+0000] {manager.py:821} INFO - Searching for files in /opt/airflow/dags
[2025-01-08T00:58:00.258+0000] {manager.py:824} INFO - There are 0 files in /opt/airflow/dags
[2025-01-08T01:03:00.699+0000] {manager.py:821} INFO - Searching for files in /opt/airflow/dags
[2025-01-08T01:03:00.704+0000] {manager.py:824} INFO - There are 0 files in /opt/airflow/dags
[2025-01-08T01:08:01.181+0000] {manager.py:821} INFO - Searching for files in /opt/airflow/dags
[2025-01-08T01:08:01.189+0000] {manager.py:824} INFO - There are 0 files in /opt/airflow/dags
[2025-01-08T01:13:01.734+0000] {manager.py:821} INFO - Searching for files in /opt/airflow/dags
[2025-01-08T01:13:01.741+0000] {manager.py:824} INFO - There are 0 files in /opt/airflow/dags
[2025-01-08T01:21:56.440+0000] {manager.py:821} INFO - Searching for files in /opt/airflow/dags
[2025-01-08T01:21:57.153+0000] {manager.py:824} INFO - There are 0 files in /opt/airflow/dags
[2025-01-08T01:26:56.672+0000] {manager.py:821} INFO - Searching for files in /opt/airflow/dags
[2025-01-08T01:26:56.677+0000] {manager.py:824} INFO - There are 0 files in /opt/airflow/dags
[2025-01-08T01:41:38.034+0000] {manager.py:821} INFO - Searching for files in /opt/airflow/dags
[2025-01-08T01:41:38.044+0000] {manager.py:824} INFO - There are 0 files in /opt/airflow/dags
[2025-01-08T01:46:38.566+0000] {manager.py:821} INFO - Searching for files in /opt/airflow/dags
[2025-01-08T01:46:38.575+0000] {manager.py:824} INFO - There are 0 files in /opt/airflow/dags
[2025-01-08T01:51:38.978+0000] {manager.py:821} INFO - Searching for files in /opt/airflow/dags
[2025-01-08T01:51:38.984+0000] {manager.py:824} INFO - There are 0 files in /opt/airflow/dags
[2025-01-08T01:56:39.883+0000] {manager.py:821} INFO - Searching for files in /opt/airflow/dags
[2025-01-08T01:56:39.899+0000] {manager.py:824} INFO - There are 0 files in /opt/airflow/dags
[2025-01-08T02:01:40.345+0000] {manager.py:821} INFO - Searching for files in /opt/airflow/dags
[2025-01-08T02:01:40.350+0000] {manager.py:824} INFO - There are 0 files in /opt/airflow/dags
[2025-01-08T02:06:40.922+0000] {manager.py:821} INFO - Searching for files in /opt/airflow/dags
[2025-01-08T02:06:40.928+0000] {manager.py:824} INFO - There are 0 files in /opt/airflow/dags
[2025-01-08T02:11:41.561+0000] {manager.py:821} INFO - Searching for files in /opt/airflow/dags
[2025-01-08T02:11:41.565+0000] {manager.py:824} INFO - There are 0 files in /opt/airflow/dags
[2025-01-08T02:16:42.102+0000] {manager.py:821} INFO - Searching for files in /opt/airflow/dags
[2025-01-08T02:16:42.108+0000] {manager.py:824} INFO - There are 0 files in /opt/airflow/dags
[2025-01-08T02:21:42.700+0000] {manager.py:821} INFO - Searching for files in /opt/airflow/dags
[2025-01-08T02:21:42.706+0000] {manager.py:824} INFO - There are 0 files in /opt/airflow/dags
[2025-01-08T02:26:43.249+0000] {manager.py:821} INFO - Searching for files in /opt/airflow/dags
[2025-01-08T02:26:43.254+0000] {manager.py:824} INFO - There are 0 files in /opt/airflow/dags
[2025-01-08T02:31:43.745+0000] {manager.py:821} INFO - Searching for files in /opt/airflow/dags
[2025-01-08T02:31:43.750+0000] {manager.py:824} INFO - There are 0 files in /opt/airflow/dags
[2025-01-08T02:37:47.721+0000] {manager.py:821} INFO - Searching for files in /opt/airflow/dags
[2025-01-08T02:37:47.936+0000] {manager.py:824} INFO - There are 0 files in /opt/airflow/dags
[2025-01-08T02:42:48.525+0000] {manager.py:821} INFO - Searching for files in /opt/airflow/dags
[2025-01-08T02:42:48.529+0000] {manager.py:824} INFO - There are 0 files in /opt/airflow/dags
[2025-01-08T02:47:48.944+0000] {manager.py:821} INFO - Searching for files in /opt/airflow/dags
[2025-01-08T02:47:48.948+0000] {manager.py:824} INFO - There are 0 files in /opt/airflow/dags
[2025-01-08T02:53:21.631+0000] {manager.py:821} INFO - Searching for files in /opt/airflow/dags
[2025-01-08T02:53:21.636+0000] {manager.py:824} INFO - There are 0 files in /opt/airflow/dags
[2025-01-08T02:58:22.045+0000] {manager.py:821} INFO - Searching for files in /opt/airflow/dags
[2025-01-08T02:58:22.051+0000] {manager.py:824} INFO - There are 0 files in /opt/airflow/dags
[2025-01-08T03:03:22.593+0000] {manager.py:821} INFO - Searching for files in /opt/airflow/dags
[2025-01-08T03:03:22.597+0000] {manager.py:824} INFO - There are 0 files in /opt/airflow/dags
[2025-01-08T03:13:31.492+0000] {manager.py:821} INFO - Searching for files in /opt/airflow/dags
[2025-01-08T03:13:31.523+0000] {manager.py:824} INFO - There are 0 files in /opt/airflow/dags
[2025-01-08T03:13:31.584+0000] {manager.py:465} INFO - Exiting gracefully upon receiving signal 15
[2025-01-08T03:13:33.958+0000] {manager.py:483} INFO - Processing files using up to 2 processes at a time 
[2025-01-08T03:13:33.960+0000] {manager.py:484} INFO - Process each file at most once every 30 seconds
[2025-01-08T03:13:33.961+0000] {manager.py:485} INFO - Checking for new files in /opt/airflow/dags every 300 seconds
[2025-01-08T03:13:33.962+0000] {manager.py:821} INFO - Searching for files in /opt/airflow/dags
[2025-01-08T03:13:33.967+0000] {manager.py:824} INFO - There are 0 files in /opt/airflow/dags
[2025-01-08T03:18:34.221+0000] {manager.py:821} INFO - Searching for files in /opt/airflow/dags
[2025-01-08T03:18:34.224+0000] {manager.py:824} INFO - There are 0 files in /opt/airflow/dags
[2025-01-08T03:23:34.686+0000] {manager.py:821} INFO - Searching for files in /opt/airflow/dags
[2025-01-08T03:23:34.689+0000] {manager.py:824} INFO - There are 0 files in /opt/airflow/dags
[2025-01-08T03:28:35.071+0000] {manager.py:821} INFO - Searching for files in /opt/airflow/dags
[2025-01-08T03:28:35.075+0000] {manager.py:824} INFO - There are 0 files in /opt/airflow/dags
[2025-01-08T03:33:35.435+0000] {manager.py:821} INFO - Searching for files in /opt/airflow/dags
[2025-01-08T03:33:35.440+0000] {manager.py:824} INFO - There are 0 files in /opt/airflow/dags
[2025-01-08T03:38:35.843+0000] {manager.py:821} INFO - Searching for files in /opt/airflow/dags
[2025-01-08T03:38:35.849+0000] {manager.py:824} INFO - There are 0 files in /opt/airflow/dags
[2025-01-08T03:43:36.316+0000] {manager.py:821} INFO - Searching for files in /opt/airflow/dags
[2025-01-08T03:43:36.323+0000] {manager.py:824} INFO - There are 0 files in /opt/airflow/dags
[2025-01-08T03:48:37.021+0000] {manager.py:821} INFO - Searching for files in /opt/airflow/dags
[2025-01-08T03:48:37.028+0000] {manager.py:824} INFO - There are 0 files in /opt/airflow/dags
[2025-01-08T03:53:37.422+0000] {manager.py:821} INFO - Searching for files in /opt/airflow/dags
[2025-01-08T03:53:37.430+0000] {manager.py:824} INFO - There are 0 files in /opt/airflow/dags
[2025-01-08T03:58:37.878+0000] {manager.py:821} INFO - Searching for files in /opt/airflow/dags
[2025-01-08T03:58:37.882+0000] {manager.py:824} INFO - There are 0 files in /opt/airflow/dags
[2025-01-08T04:03:38.411+0000] {manager.py:821} INFO - Searching for files in /opt/airflow/dags
[2025-01-08T04:03:38.415+0000] {manager.py:824} INFO - There are 0 files in /opt/airflow/dags
[2025-01-08T04:36:15.091+0000] {manager.py:821} INFO - Searching for files in /opt/airflow/dags
[2025-01-08T04:36:15.154+0000] {manager.py:824} INFO - There are 0 files in /opt/airflow/dags
[2025-01-08T04:53:00.438+0000] {manager.py:821} INFO - Searching for files in /opt/airflow/dags
[2025-01-08T04:53:00.700+0000] {manager.py:824} INFO - There are 0 files in /opt/airflow/dags
[2025-01-08T04:53:00.726+0000] {manager.py:465} INFO - Exiting gracefully upon receiving signal 15
[2025-01-08T04:53:01.423+0000] {manager.py:483} INFO - Processing files using up to 2 processes at a time 
[2025-01-08T04:53:01.442+0000] {manager.py:484} INFO - Process each file at most once every 30 seconds
[2025-01-08T04:53:01.443+0000] {manager.py:485} INFO - Checking for new files in /opt/airflow/dags every 300 seconds
[2025-01-08T04:53:01.444+0000] {manager.py:821} INFO - Searching for files in /opt/airflow/dags
[2025-01-08T04:53:01.446+0000] {manager.py:824} INFO - There are 0 files in /opt/airflow/dags
[2025-01-08T05:10:12.735+0000] {manager.py:821} INFO - Searching for files in /opt/airflow/dags
[2025-01-08T05:10:12.744+0000] {manager.py:824} INFO - There are 0 files in /opt/airflow/dags
[2025-01-08T05:27:09.765+0000] {manager.py:821} INFO - Searching for files in /opt/airflow/dags
[2025-01-08T05:27:09.768+0000] {manager.py:824} INFO - There are 0 files in /opt/airflow/dags
[2025-01-08T05:43:31.350+0000] {manager.py:821} INFO - Searching for files in /opt/airflow/dags
[2025-01-08T05:43:31.657+0000] {manager.py:824} INFO - There are 0 files in /opt/airflow/dags
[2025-01-08T06:01:07.609+0000] {manager.py:821} INFO - Searching for files in /opt/airflow/dags
[2025-01-08T06:01:07.625+0000] {manager.py:824} INFO - There are 0 files in /opt/airflow/dags
[2025-01-08T06:06:59.489+0000] {manager.py:821} INFO - Searching for files in /opt/airflow/dags
[2025-01-08T06:06:59.511+0000] {manager.py:824} INFO - There are 0 files in /opt/airflow/dags
[2025-01-08T06:12:00.276+0000] {manager.py:821} INFO - Searching for files in /opt/airflow/dags
[2025-01-08T06:12:00.285+0000] {manager.py:824} INFO - There are 0 files in /opt/airflow/dags
[2025-01-08T06:17:00.689+0000] {manager.py:821} INFO - Searching for files in /opt/airflow/dags
[2025-01-08T06:17:00.694+0000] {manager.py:824} INFO - There are 0 files in /opt/airflow/dags
[2025-01-08T06:22:01.104+0000] {manager.py:821} INFO - Searching for files in /opt/airflow/dags
[2025-01-08T06:22:01.108+0000] {manager.py:824} INFO - There are 0 files in /opt/airflow/dags
[2025-01-08T06:27:01.720+0000] {manager.py:821} INFO - Searching for files in /opt/airflow/dags
[2025-01-08T06:27:01.727+0000] {manager.py:824} INFO - There are 0 files in /opt/airflow/dags
[2025-01-08T06:32:02.182+0000] {manager.py:821} INFO - Searching for files in /opt/airflow/dags
[2025-01-08T06:32:02.187+0000] {manager.py:824} INFO - There are 0 files in /opt/airflow/dags
[2025-01-08T06:37:02.713+0000] {manager.py:821} INFO - Searching for files in /opt/airflow/dags
[2025-01-08T06:37:02.721+0000] {manager.py:824} INFO - There are 0 files in /opt/airflow/dags
[2025-01-08T06:42:03.162+0000] {manager.py:821} INFO - Searching for files in /opt/airflow/dags
[2025-01-08T06:42:03.169+0000] {manager.py:824} INFO - There are 0 files in /opt/airflow/dags
[2025-01-08T06:47:03.567+0000] {manager.py:821} INFO - Searching for files in /opt/airflow/dags
[2025-01-08T06:47:03.574+0000] {manager.py:824} INFO - There are 0 files in /opt/airflow/dags
[2025-01-08T06:52:04.151+0000] {manager.py:821} INFO - Searching for files in /opt/airflow/dags
[2025-01-08T06:52:04.158+0000] {manager.py:824} INFO - There are 0 files in /opt/airflow/dags
[2025-01-08T06:57:04.571+0000] {manager.py:821} INFO - Searching for files in /opt/airflow/dags
[2025-01-08T06:57:04.575+0000] {manager.py:824} INFO - There are 0 files in /opt/airflow/dags
[2025-01-08T07:02:05.078+0000] {manager.py:821} INFO - Searching for files in /opt/airflow/dags
[2025-01-08T07:02:05.082+0000] {manager.py:824} INFO - There are 0 files in /opt/airflow/dags
[2025-01-08T07:24:59.778+0000] {manager.py:821} INFO - Searching for files in /opt/airflow/dags
[2025-01-08T07:24:59.787+0000] {manager.py:824} INFO - There are 0 files in /opt/airflow/dags
[2025-01-08T07:41:33.406+0000] {manager.py:821} INFO - Searching for files in /opt/airflow/dags
[2025-01-08T07:41:33.412+0000] {manager.py:824} INFO - There are 0 files in /opt/airflow/dags
[2025-01-08T08:00:07.383+0000] {manager.py:821} INFO - Searching for files in /opt/airflow/dags
[2025-01-08T08:00:07.669+0000] {manager.py:824} INFO - There are 0 files in /opt/airflow/dags
[2025-01-08T08:07:04.029+0000] {manager.py:821} INFO - Searching for files in /opt/airflow/dags
[2025-01-08T08:07:04.385+0000] {manager.py:824} INFO - There are 0 files in /opt/airflow/dags
[2025-01-08T08:07:04.407+0000] {manager.py:465} INFO - Exiting gracefully upon receiving signal 15
[2025-01-08T08:07:04.951+0000] {manager.py:483} INFO - Processing files using up to 2 processes at a time 
[2025-01-08T08:07:04.952+0000] {manager.py:484} INFO - Process each file at most once every 30 seconds
[2025-01-08T08:07:04.952+0000] {manager.py:485} INFO - Checking for new files in /opt/airflow/dags every 300 seconds
[2025-01-08T08:07:04.953+0000] {manager.py:821} INFO - Searching for files in /opt/airflow/dags
[2025-01-08T08:07:04.956+0000] {manager.py:824} INFO - There are 0 files in /opt/airflow/dags
[2025-01-08T08:24:37.421+0000] {manager.py:821} INFO - Searching for files in /opt/airflow/dags
[2025-01-08T08:24:37.428+0000] {manager.py:824} INFO - There are 0 files in /opt/airflow/dags
[2025-01-08T08:24:37.437+0000] {manager.py:465} INFO - Exiting gracefully upon receiving signal 15
[2025-01-08T08:24:38.004+0000] {manager.py:483} INFO - Processing files using up to 2 processes at a time 
[2025-01-08T08:24:38.005+0000] {manager.py:484} INFO - Process each file at most once every 30 seconds
[2025-01-08T08:24:38.006+0000] {manager.py:485} INFO - Checking for new files in /opt/airflow/dags every 300 seconds
[2025-01-08T08:24:38.007+0000] {manager.py:821} INFO - Searching for files in /opt/airflow/dags
[2025-01-08T08:24:38.010+0000] {manager.py:824} INFO - There are 0 files in /opt/airflow/dags
[2025-01-08T08:43:22.511+0000] {manager.py:821} INFO - Searching for files in /opt/airflow/dags
[2025-01-08T08:43:22.529+0000] {manager.py:824} INFO - There are 0 files in /opt/airflow/dags
[2025-01-08T08:55:06.391+0000] {manager.py:821} INFO - Searching for files in /opt/airflow/dags
[2025-01-08T08:55:06.399+0000] {manager.py:824} INFO - There are 0 files in /opt/airflow/dags
[2025-01-08T09:13:01.284+0000] {manager.py:821} INFO - Searching for files in /opt/airflow/dags
[2025-01-08T09:13:01.297+0000] {manager.py:824} INFO - There are 0 files in /opt/airflow/dags
[2025-01-08T09:30:16.284+0000] {manager.py:821} INFO - Searching for files in /opt/airflow/dags
[2025-01-08T09:30:16.303+0000] {manager.py:824} INFO - There are 0 files in /opt/airflow/dags
[2025-01-08T09:51:52.635+0000] {manager.py:821} INFO - Searching for files in /opt/airflow/dags
[2025-01-08T09:51:52.639+0000] {manager.py:824} INFO - There are 0 files in /opt/airflow/dags
[2025-01-08T10:04:30.177+0000] {manager.py:821} INFO - Searching for files in /opt/airflow/dags
[2025-01-08T10:04:30.179+0000] {manager.py:824} INFO - There are 0 files in /opt/airflow/dags
[2025-01-08T10:20:47.068+0000] {manager.py:821} INFO - Searching for files in /opt/airflow/dags
[2025-01-08T10:20:47.449+0000] {manager.py:824} INFO - There are 0 files in /opt/airflow/dags
[2025-01-08T10:38:54.209+0000] {manager.py:821} INFO - Searching for files in /opt/airflow/dags
[2025-01-08T10:38:54.461+0000] {manager.py:824} INFO - There are 0 files in /opt/airflow/dags
[2025-01-08T10:55:26.468+0000] {manager.py:821} INFO - Searching for files in /opt/airflow/dags
[2025-01-08T10:55:26.470+0000] {manager.py:824} INFO - There are 0 files in /opt/airflow/dags
[2025-01-08T11:11:40.280+0000] {manager.py:821} INFO - Searching for files in /opt/airflow/dags
[2025-01-08T11:11:40.284+0000] {manager.py:824} INFO - There are 0 files in /opt/airflow/dags
[2025-01-08T11:28:46.904+0000] {manager.py:821} INFO - Searching for files in /opt/airflow/dags
[2025-01-08T11:28:47.235+0000] {manager.py:824} INFO - There are 0 files in /opt/airflow/dags
[2025-01-08T11:46:36.942+0000] {manager.py:821} INFO - Searching for files in /opt/airflow/dags
[2025-01-08T11:46:36.962+0000] {manager.py:824} INFO - There are 0 files in /opt/airflow/dags
[2025-01-08T12:05:22.640+0000] {manager.py:821} INFO - Searching for files in /opt/airflow/dags
[2025-01-08T12:05:22.933+0000] {manager.py:465} INFO - Exiting gracefully upon receiving signal 15
[2025-01-08T12:05:23.437+0000] {manager.py:483} INFO - Processing files using up to 2 processes at a time 
[2025-01-08T12:05:23.438+0000] {manager.py:484} INFO - Process each file at most once every 30 seconds
[2025-01-08T12:05:23.438+0000] {manager.py:485} INFO - Checking for new files in /opt/airflow/dags every 300 seconds
[2025-01-08T12:05:23.439+0000] {manager.py:821} INFO - Searching for files in /opt/airflow/dags
[2025-01-08T12:05:23.441+0000] {manager.py:824} INFO - There are 0 files in /opt/airflow/dags
[2025-01-08T12:23:55.732+0000] {manager.py:821} INFO - Searching for files in /opt/airflow/dags
[2025-01-08T12:23:55.744+0000] {manager.py:824} INFO - There are 0 files in /opt/airflow/dags
[2025-01-08T12:41:50.660+0000] {manager.py:821} INFO - Searching for files in /opt/airflow/dags
[2025-01-08T12:41:50.665+0000] {manager.py:824} INFO - There are 0 files in /opt/airflow/dags
[2025-01-08T12:57:40.223+0000] {manager.py:821} INFO - Searching for files in /opt/airflow/dags
[2025-01-08T12:57:40.244+0000] {manager.py:824} INFO - There are 0 files in /opt/airflow/dags
[2025-01-08T13:06:25.291+0000] {manager.py:821} INFO - Searching for files in /opt/airflow/dags
[2025-01-08T13:06:25.308+0000] {manager.py:824} INFO - There are 0 files in /opt/airflow/dags
[2025-01-08T13:11:26.223+0000] {manager.py:821} INFO - Searching for files in /opt/airflow/dags
[2025-01-08T13:11:26.228+0000] {manager.py:824} INFO - There are 0 files in /opt/airflow/dags
[2025-01-08T13:16:26.661+0000] {manager.py:821} INFO - Searching for files in /opt/airflow/dags
[2025-01-08T13:16:26.666+0000] {manager.py:824} INFO - There are 0 files in /opt/airflow/dags
[2025-01-08T13:35:05.048+0000] {manager.py:821} INFO - Searching for files in /opt/airflow/dags
[2025-01-08T13:35:05.061+0000] {manager.py:824} INFO - There are 0 files in /opt/airflow/dags
[2025-01-08T13:52:44.007+0000] {manager.py:821} INFO - Searching for files in /opt/airflow/dags
[2025-01-08T13:52:44.012+0000] {manager.py:824} INFO - There are 0 files in /opt/airflow/dags
[2025-01-08T14:07:26.812+0000] {manager.py:821} INFO - Searching for files in /opt/airflow/dags
[2025-01-08T14:07:27.145+0000] {manager.py:824} INFO - There are 0 files in /opt/airflow/dags
[2025-01-08T14:22:14.462+0000] {manager.py:821} INFO - Searching for files in /opt/airflow/dags
[2025-01-08T14:22:14.909+0000] {manager.py:824} INFO - There are 0 files in /opt/airflow/dags
[2025-01-08T14:27:14.530+0000] {manager.py:821} INFO - Searching for files in /opt/airflow/dags
[2025-01-08T14:27:14.536+0000] {manager.py:824} INFO - There are 0 files in /opt/airflow/dags
[2025-01-08T14:32:15.091+0000] {manager.py:821} INFO - Searching for files in /opt/airflow/dags
[2025-01-08T14:32:15.098+0000] {manager.py:824} INFO - There are 0 files in /opt/airflow/dags
[2025-01-08T14:37:15.948+0000] {manager.py:821} INFO - Searching for files in /opt/airflow/dags
[2025-01-08T14:37:15.966+0000] {manager.py:824} INFO - There are 0 files in /opt/airflow/dags
[2025-01-08T14:42:16.192+0000] {manager.py:821} INFO - Searching for files in /opt/airflow/dags
[2025-01-08T14:42:16.199+0000] {manager.py:824} INFO - There are 0 files in /opt/airflow/dags
[2025-01-08T14:47:16.587+0000] {manager.py:821} INFO - Searching for files in /opt/airflow/dags
[2025-01-08T14:47:16.595+0000] {manager.py:824} INFO - There are 0 files in /opt/airflow/dags
[2025-01-08T14:52:16.956+0000] {manager.py:821} INFO - Searching for files in /opt/airflow/dags
[2025-01-08T14:52:16.963+0000] {manager.py:824} INFO - There are 0 files in /opt/airflow/dags
[2025-01-08T15:26:25.380+0000] {manager.py:821} INFO - Searching for files in /opt/airflow/dags
[2025-01-08T15:26:25.384+0000] {manager.py:824} INFO - There are 0 files in /opt/airflow/dags
[2025-01-08T15:32:31.414+0000] {manager.py:821} INFO - Searching for files in /opt/airflow/dags
[2025-01-08T15:32:31.439+0000] {manager.py:824} INFO - There are 0 files in /opt/airflow/dags
[2025-01-08T15:37:32.404+0000] {manager.py:821} INFO - Searching for files in /opt/airflow/dags
[2025-01-08T15:37:32.416+0000] {manager.py:824} INFO - There are 0 files in /opt/airflow/dags
[2025-01-08T15:42:32.904+0000] {manager.py:821} INFO - Searching for files in /opt/airflow/dags
[2025-01-08T15:42:32.907+0000] {manager.py:824} INFO - There are 0 files in /opt/airflow/dags
[2025-01-08T15:50:13.565+0000] {manager.py:821} INFO - Searching for files in /opt/airflow/dags
[2025-01-08T15:50:13.578+0000] {manager.py:824} INFO - There are 0 files in /opt/airflow/dags
[2025-01-08T15:55:14.181+0000] {manager.py:821} INFO - Searching for files in /opt/airflow/dags
[2025-01-08T15:55:14.188+0000] {manager.py:824} INFO - There are 0 files in /opt/airflow/dags
[2025-01-08T16:00:14.561+0000] {manager.py:821} INFO - Searching for files in /opt/airflow/dags
[2025-01-08T16:00:14.567+0000] {manager.py:824} INFO - There are 0 files in /opt/airflow/dags
[2025-01-08T16:05:15.173+0000] {manager.py:821} INFO - Searching for files in /opt/airflow/dags
[2025-01-08T16:05:15.180+0000] {manager.py:824} INFO - There are 0 files in /opt/airflow/dags
[2025-01-08T16:10:15.600+0000] {manager.py:821} INFO - Searching for files in /opt/airflow/dags
[2025-01-08T16:10:15.608+0000] {manager.py:824} INFO - There are 0 files in /opt/airflow/dags
[2025-01-08T16:15:16.014+0000] {manager.py:821} INFO - Searching for files in /opt/airflow/dags
[2025-01-08T16:15:16.059+0000] {manager.py:824} INFO - There are 0 files in /opt/airflow/dags
[2025-01-08T16:20:16.642+0000] {manager.py:821} INFO - Searching for files in /opt/airflow/dags
[2025-01-08T16:20:16.649+0000] {manager.py:824} INFO - There are 0 files in /opt/airflow/dags
[2025-01-08T16:25:17.168+0000] {manager.py:821} INFO - Searching for files in /opt/airflow/dags
[2025-01-08T16:25:17.173+0000] {manager.py:824} INFO - There are 0 files in /opt/airflow/dags
[2025-01-08T16:30:17.572+0000] {manager.py:821} INFO - Searching for files in /opt/airflow/dags
[2025-01-08T16:30:17.579+0000] {manager.py:824} INFO - There are 0 files in /opt/airflow/dags
[2025-01-08T16:35:18.439+0000] {manager.py:821} INFO - Searching for files in /opt/airflow/dags
[2025-01-08T16:35:18.444+0000] {manager.py:824} INFO - There are 0 files in /opt/airflow/dags
[2025-01-08T16:40:19.176+0000] {manager.py:821} INFO - Searching for files in /opt/airflow/dags
[2025-01-08T16:40:19.183+0000] {manager.py:824} INFO - There are 0 files in /opt/airflow/dags
[2025-01-08T16:45:19.655+0000] {manager.py:821} INFO - Searching for files in /opt/airflow/dags
[2025-01-08T16:45:19.660+0000] {manager.py:824} INFO - There are 0 files in /opt/airflow/dags
[2025-01-08T16:50:20.246+0000] {manager.py:821} INFO - Searching for files in /opt/airflow/dags
[2025-01-08T16:50:20.255+0000] {manager.py:824} INFO - There are 0 files in /opt/airflow/dags
[2025-01-08T16:55:20.740+0000] {manager.py:821} INFO - Searching for files in /opt/airflow/dags
[2025-01-08T16:55:20.747+0000] {manager.py:824} INFO - There are 0 files in /opt/airflow/dags
[2025-01-08T17:00:20.973+0000] {manager.py:821} INFO - Searching for files in /opt/airflow/dags
[2025-01-08T17:00:20.980+0000] {manager.py:824} INFO - There are 0 files in /opt/airflow/dags
[2025-01-08T17:05:21.329+0000] {manager.py:821} INFO - Searching for files in /opt/airflow/dags
[2025-01-08T17:05:21.333+0000] {manager.py:824} INFO - There are 0 files in /opt/airflow/dags
[2025-01-08T17:10:21.890+0000] {manager.py:821} INFO - Searching for files in /opt/airflow/dags
[2025-01-08T17:10:21.894+0000] {manager.py:824} INFO - There are 0 files in /opt/airflow/dags
[2025-01-08T17:15:22.433+0000] {manager.py:821} INFO - Searching for files in /opt/airflow/dags
[2025-01-08T17:15:22.438+0000] {manager.py:824} INFO - There are 0 files in /opt/airflow/dags
[2025-01-08T17:35:23.556+0000] {manager.py:821} INFO - Searching for files in /opt/airflow/dags
[2025-01-08T17:35:23.658+0000] {manager.py:824} INFO - There are 0 files in /opt/airflow/dags
[2025-01-08T17:40:24.289+0000] {manager.py:821} INFO - Searching for files in /opt/airflow/dags
[2025-01-08T17:40:24.297+0000] {manager.py:824} INFO - There are 0 files in /opt/airflow/dags
[2025-01-08T17:45:24.785+0000] {manager.py:821} INFO - Searching for files in /opt/airflow/dags
[2025-01-08T17:45:24.789+0000] {manager.py:824} INFO - There are 0 files in /opt/airflow/dags
[2025-01-08T17:50:25.156+0000] {manager.py:821} INFO - Searching for files in /opt/airflow/dags
[2025-01-08T17:50:25.160+0000] {manager.py:824} INFO - There are 0 files in /opt/airflow/dags
[2025-01-08T17:55:25.777+0000] {manager.py:821} INFO - Searching for files in /opt/airflow/dags
[2025-01-08T17:55:25.782+0000] {manager.py:824} INFO - There are 0 files in /opt/airflow/dags
[2025-01-08T18:00:26.442+0000] {manager.py:821} INFO - Searching for files in /opt/airflow/dags
[2025-01-08T18:00:26.444+0000] {manager.py:824} INFO - There are 0 files in /opt/airflow/dags
[2025-01-08T18:05:27.034+0000] {manager.py:821} INFO - Searching for files in /opt/airflow/dags
[2025-01-08T18:05:27.038+0000] {manager.py:824} INFO - There are 0 files in /opt/airflow/dags
[2025-01-08T18:10:27.526+0000] {manager.py:821} INFO - Searching for files in /opt/airflow/dags
[2025-01-08T18:10:27.530+0000] {manager.py:824} INFO - There are 0 files in /opt/airflow/dags
[2025-01-08T18:15:28.127+0000] {manager.py:821} INFO - Searching for files in /opt/airflow/dags
[2025-01-08T18:15:28.133+0000] {manager.py:824} INFO - There are 0 files in /opt/airflow/dags
[2025-01-08T18:28:53.712+0000] {manager.py:821} INFO - Searching for files in /opt/airflow/dags
[2025-01-08T18:28:53.971+0000] {manager.py:824} INFO - There are 0 files in /opt/airflow/dags
[2025-01-08T18:28:54.079+0000] {manager.py:465} INFO - Exiting gracefully upon receiving signal 15
[2025-01-08T18:28:56.385+0000] {manager.py:483} INFO - Processing files using up to 2 processes at a time 
[2025-01-08T18:28:56.387+0000] {manager.py:484} INFO - Process each file at most once every 30 seconds
[2025-01-08T18:28:56.387+0000] {manager.py:485} INFO - Checking for new files in /opt/airflow/dags every 300 seconds
[2025-01-08T18:28:56.388+0000] {manager.py:821} INFO - Searching for files in /opt/airflow/dags
[2025-01-08T18:28:56.392+0000] {manager.py:824} INFO - There are 0 files in /opt/airflow/dags
[2025-01-08T18:33:57.254+0000] {manager.py:821} INFO - Searching for files in /opt/airflow/dags
[2025-01-08T18:33:57.259+0000] {manager.py:824} INFO - There are 0 files in /opt/airflow/dags
[2025-01-08T18:38:57.743+0000] {manager.py:821} INFO - Searching for files in /opt/airflow/dags
[2025-01-08T18:38:57.750+0000] {manager.py:824} INFO - There are 0 files in /opt/airflow/dags
[2025-01-08T18:43:58.243+0000] {manager.py:821} INFO - Searching for files in /opt/airflow/dags
[2025-01-08T18:43:58.248+0000] {manager.py:824} INFO - There are 0 files in /opt/airflow/dags
[2025-01-08T18:48:59.174+0000] {manager.py:821} INFO - Searching for files in /opt/airflow/dags
[2025-01-08T18:48:59.181+0000] {manager.py:824} INFO - There are 0 files in /opt/airflow/dags
[2025-01-08T18:53:59.806+0000] {manager.py:821} INFO - Searching for files in /opt/airflow/dags
[2025-01-08T18:53:59.815+0000] {manager.py:824} INFO - There are 0 files in /opt/airflow/dags
[2025-01-08T18:59:00.238+0000] {manager.py:821} INFO - Searching for files in /opt/airflow/dags
[2025-01-08T18:59:00.242+0000] {manager.py:824} INFO - There are 0 files in /opt/airflow/dags
[2025-01-08T19:04:00.728+0000] {manager.py:821} INFO - Searching for files in /opt/airflow/dags
[2025-01-08T19:04:00.735+0000] {manager.py:824} INFO - There are 0 files in /opt/airflow/dags
[2025-01-08T19:09:01.465+0000] {manager.py:821} INFO - Searching for files in /opt/airflow/dags
[2025-01-08T19:09:01.472+0000] {manager.py:824} INFO - There are 0 files in /opt/airflow/dags
[2025-01-08T19:14:01.870+0000] {manager.py:821} INFO - Searching for files in /opt/airflow/dags
[2025-01-08T19:14:01.875+0000] {manager.py:824} INFO - There are 0 files in /opt/airflow/dags
[2025-01-08T19:19:02.142+0000] {manager.py:821} INFO - Searching for files in /opt/airflow/dags
[2025-01-08T19:19:02.146+0000] {manager.py:824} INFO - There are 0 files in /opt/airflow/dags
[2025-01-08T19:24:02.453+0000] {manager.py:821} INFO - Searching for files in /opt/airflow/dags
[2025-01-08T19:24:02.457+0000] {manager.py:824} INFO - There are 0 files in /opt/airflow/dags
[2025-01-08T19:29:03.107+0000] {manager.py:821} INFO - Searching for files in /opt/airflow/dags
[2025-01-08T19:29:03.115+0000] {manager.py:824} INFO - There are 0 files in /opt/airflow/dags
